0 info it worked if it ends with ok
1 verbose cli [ '/usr/local/bin/node', '/usr/local/bin/npm', 'install' ]
2 info using npm@2.14.2
3 info using node@v4.0.0
4 verbose readDependencies loading dependencies from /Volumes/Kykas/Projects/ReactPatterns/React.14/ReFluxWebSocket/package.json
5 verbose install where, deps [ '/Volumes/Kykas/Projects/ReactPatterns/React.14/ReFluxWebSocket',
5 verbose install   [ 'express',
5 verbose install     'primus',
5 verbose install     'primus-emitter',
5 verbose install     'react',
5 verbose install     'react-dom',
5 verbose install     'reflux',
5 verbose install     'serve-favicon',
5 verbose install     'ws',
5 verbose install     'babelify',
5 verbose install     'browserify',
5 verbose install     'gulp',
5 verbose install     'gulp-concat',
5 verbose install     'gulp-minify-css',
5 verbose install     'gulp-react',
5 verbose install     'vinyl-source-stream' ] ]
6 verbose install where, peers [ '/Volumes/Kykas/Projects/ReactPatterns/React.14/ReFluxWebSocket',
6 verbose install   [] ]
7 verbose installManyTop reading for lifecycle /Volumes/Kykas/Projects/ReactPatterns/React.14/ReFluxWebSocket/package.json
8 info preinstall ReactPatterns-1.4-ReFluxWebSocket@1.0.0
9 verbose installManyTop reading scoped package data from /Volumes/Kykas/Projects/ReactPatterns/React.14/ReFluxWebSocket/node_modules/babelify/package.json
10 verbose installManyTop reading scoped package data from /Volumes/Kykas/Projects/ReactPatterns/React.14/ReFluxWebSocket/node_modules/browserify/package.json
11 verbose installManyTop reading scoped package data from /Volumes/Kykas/Projects/ReactPatterns/React.14/ReFluxWebSocket/node_modules/express/package.json
12 verbose installManyTop reading scoped package data from /Volumes/Kykas/Projects/ReactPatterns/React.14/ReFluxWebSocket/node_modules/gulp/package.json
13 verbose installManyTop reading scoped package data from /Volumes/Kykas/Projects/ReactPatterns/React.14/ReFluxWebSocket/node_modules/gulp-concat/package.json
14 verbose installManyTop reading scoped package data from /Volumes/Kykas/Projects/ReactPatterns/React.14/ReFluxWebSocket/node_modules/gulp-minify-css/package.json
15 verbose installManyTop reading scoped package data from /Volumes/Kykas/Projects/ReactPatterns/React.14/ReFluxWebSocket/node_modules/gulp-react/package.json
16 verbose installManyTop reading scoped package data from /Volumes/Kykas/Projects/ReactPatterns/React.14/ReFluxWebSocket/node_modules/primus/package.json
17 verbose installManyTop reading scoped package data from /Volumes/Kykas/Projects/ReactPatterns/React.14/ReFluxWebSocket/node_modules/primus-emitter/package.json
18 verbose installManyTop reading scoped package data from /Volumes/Kykas/Projects/ReactPatterns/React.14/ReFluxWebSocket/node_modules/react/package.json
19 verbose installManyTop reading scoped package data from /Volumes/Kykas/Projects/ReactPatterns/React.14/ReFluxWebSocket/node_modules/react-dom/package.json
20 verbose installManyTop reading scoped package data from /Volumes/Kykas/Projects/ReactPatterns/React.14/ReFluxWebSocket/node_modules/reflux/package.json
21 verbose installManyTop reading scoped package data from /Volumes/Kykas/Projects/ReactPatterns/React.14/ReFluxWebSocket/node_modules/serve-favicon/package.json
22 verbose installManyTop reading scoped package data from /Volumes/Kykas/Projects/ReactPatterns/React.14/ReFluxWebSocket/node_modules/vinyl-source-stream/package.json
23 verbose installManyTop reading scoped package data from /Volumes/Kykas/Projects/ReactPatterns/React.14/ReFluxWebSocket/node_modules/ws/package.json
24 verbose readDependencies loading dependencies from /Volumes/Kykas/Projects/ReactPatterns/React.14/ReFluxWebSocket/package.json
25 verbose targetResolver reading package data from /Volumes/Kykas/Projects/ReactPatterns/React.14/ReFluxWebSocket/node_modules/babelify/package.json
26 verbose targetResolver reading package data from /Volumes/Kykas/Projects/ReactPatterns/React.14/ReFluxWebSocket/node_modules/browserify/package.json
27 verbose targetResolver reading package data from /Volumes/Kykas/Projects/ReactPatterns/React.14/ReFluxWebSocket/node_modules/express/package.json
28 verbose targetResolver reading package data from /Volumes/Kykas/Projects/ReactPatterns/React.14/ReFluxWebSocket/node_modules/gulp/package.json
29 verbose targetResolver reading package data from /Volumes/Kykas/Projects/ReactPatterns/React.14/ReFluxWebSocket/node_modules/gulp-concat/package.json
30 verbose targetResolver reading package data from /Volumes/Kykas/Projects/ReactPatterns/React.14/ReFluxWebSocket/node_modules/gulp-minify-css/package.json
31 verbose targetResolver reading package data from /Volumes/Kykas/Projects/ReactPatterns/React.14/ReFluxWebSocket/node_modules/gulp-react/package.json
32 verbose targetResolver reading package data from /Volumes/Kykas/Projects/ReactPatterns/React.14/ReFluxWebSocket/node_modules/primus/package.json
33 verbose targetResolver reading package data from /Volumes/Kykas/Projects/ReactPatterns/React.14/ReFluxWebSocket/node_modules/primus-emitter/package.json
34 verbose targetResolver reading package data from /Volumes/Kykas/Projects/ReactPatterns/React.14/ReFluxWebSocket/node_modules/react/package.json
35 verbose targetResolver reading package data from /Volumes/Kykas/Projects/ReactPatterns/React.14/ReFluxWebSocket/node_modules/react-dom/package.json
36 verbose targetResolver reading package data from /Volumes/Kykas/Projects/ReactPatterns/React.14/ReFluxWebSocket/node_modules/reflux/package.json
37 verbose targetResolver reading package data from /Volumes/Kykas/Projects/ReactPatterns/React.14/ReFluxWebSocket/node_modules/serve-favicon/package.json
38 verbose targetResolver reading package data from /Volumes/Kykas/Projects/ReactPatterns/React.14/ReFluxWebSocket/node_modules/vinyl-source-stream/package.json
39 verbose targetResolver reading package data from /Volumes/Kykas/Projects/ReactPatterns/React.14/ReFluxWebSocket/node_modules/ws/package.json
40 verbose targetResolver reading package data from /Volumes/Kykas/Projects/ReactPatterns/React.14/ReFluxWebSocket/node_modules/.bin/browserify/package.json
41 verbose targetResolver reading package data from /Volumes/Kykas/Projects/ReactPatterns/React.14/ReFluxWebSocket/node_modules/.bin/gulp/package.json
42 silly cache add args [ 'ws@latest', null ]
43 verbose cache add spec ws@latest
44 silly cache add parsed spec Result {
44 silly cache add   raw: 'ws@latest',
44 silly cache add   scope: null,
44 silly cache add   name: 'ws',
44 silly cache add   rawSpec: 'latest',
44 silly cache add   spec: 'latest',
44 silly cache add   type: 'tag' }
45 silly addNamed ws@latest
46 verbose addNamed "latest" is being treated as a dist-tag for ws
47 info addNameTag [ 'ws', 'latest' ]
48 silly mapToRegistry name ws
49 silly mapToRegistry using default registry
50 silly mapToRegistry registry https://registry.npmjs.org/
51 silly mapToRegistry uri https://registry.npmjs.org/ws
52 verbose addNameTag registry:https://registry.npmjs.org/ws not in flight; fetching
53 verbose request uri https://registry.npmjs.org/ws
54 verbose request no auth needed
55 info attempt registry request try #1 at 9:34:05 AM
56 verbose request id fa5f55d3c1da51db
57 verbose etag "AIFVG499P6MVCRLZTZC32EFZ1"
58 http request GET https://registry.npmjs.org/ws
59 silly cache add args [ 'babelify@latest', null ]
60 verbose cache add spec babelify@latest
61 silly cache add args [ 'browserify@latest', null ]
62 verbose cache add spec browserify@latest
63 silly cache add args [ 'gulp@latest', null ]
64 verbose cache add spec gulp@latest
65 silly cache add args [ 'gulp-concat@latest', null ]
66 verbose cache add spec gulp-concat@latest
67 silly cache add args [ 'gulp-minify-css@latest', null ]
68 verbose cache add spec gulp-minify-css@latest
69 silly cache add args [ 'gulp-react@latest', null ]
70 verbose cache add spec gulp-react@latest
71 silly cache add args [ 'vinyl-source-stream@latest', null ]
72 verbose cache add spec vinyl-source-stream@latest
73 silly cache add args [ 'express@latest', null ]
74 verbose cache add spec express@latest
75 silly cache add args [ 'primus@latest', null ]
76 verbose cache add spec primus@latest
77 silly cache add args [ 'primus-emitter@latest', null ]
78 verbose cache add spec primus-emitter@latest
79 verbose already installed skipping react@^0.14.0-rc1 /Volumes/Kykas/Projects/ReactPatterns/React.14/ReFluxWebSocket
80 verbose already installed skipping react-dom@^0.14.0-rc1 /Volumes/Kykas/Projects/ReactPatterns/React.14/ReFluxWebSocket
81 silly cache add args [ 'reflux@latest', null ]
82 verbose cache add spec reflux@latest
83 silly cache add args [ 'serve-favicon@latest', null ]
84 verbose cache add spec serve-favicon@latest
85 silly cache add parsed spec Result {
85 silly cache add   raw: 'babelify@latest',
85 silly cache add   scope: null,
85 silly cache add   name: 'babelify',
85 silly cache add   rawSpec: 'latest',
85 silly cache add   spec: 'latest',
85 silly cache add   type: 'tag' }
86 silly addNamed babelify@latest
87 verbose addNamed "latest" is being treated as a dist-tag for babelify
88 info addNameTag [ 'babelify', 'latest' ]
89 silly mapToRegistry name babelify
90 silly mapToRegistry using default registry
91 silly mapToRegistry registry https://registry.npmjs.org/
92 silly mapToRegistry uri https://registry.npmjs.org/babelify
93 verbose addNameTag registry:https://registry.npmjs.org/babelify not in flight; fetching
94 silly cache add parsed spec Result {
94 silly cache add   raw: 'browserify@latest',
94 silly cache add   scope: null,
94 silly cache add   name: 'browserify',
94 silly cache add   rawSpec: 'latest',
94 silly cache add   spec: 'latest',
94 silly cache add   type: 'tag' }
95 silly addNamed browserify@latest
96 verbose addNamed "latest" is being treated as a dist-tag for browserify
97 info addNameTag [ 'browserify', 'latest' ]
98 silly mapToRegistry name browserify
99 silly mapToRegistry using default registry
100 silly mapToRegistry registry https://registry.npmjs.org/
101 silly mapToRegistry uri https://registry.npmjs.org/browserify
102 verbose addNameTag registry:https://registry.npmjs.org/browserify not in flight; fetching
103 silly cache add parsed spec Result {
103 silly cache add   raw: 'gulp@latest',
103 silly cache add   scope: null,
103 silly cache add   name: 'gulp',
103 silly cache add   rawSpec: 'latest',
103 silly cache add   spec: 'latest',
103 silly cache add   type: 'tag' }
104 silly addNamed gulp@latest
105 verbose addNamed "latest" is being treated as a dist-tag for gulp
106 info addNameTag [ 'gulp', 'latest' ]
107 silly mapToRegistry name gulp
108 silly mapToRegistry using default registry
109 silly mapToRegistry registry https://registry.npmjs.org/
110 silly mapToRegistry uri https://registry.npmjs.org/gulp
111 verbose addNameTag registry:https://registry.npmjs.org/gulp not in flight; fetching
112 silly cache add parsed spec Result {
112 silly cache add   raw: 'gulp-concat@latest',
112 silly cache add   scope: null,
112 silly cache add   name: 'gulp-concat',
112 silly cache add   rawSpec: 'latest',
112 silly cache add   spec: 'latest',
112 silly cache add   type: 'tag' }
113 silly addNamed gulp-concat@latest
114 verbose addNamed "latest" is being treated as a dist-tag for gulp-concat
115 info addNameTag [ 'gulp-concat', 'latest' ]
116 silly mapToRegistry name gulp-concat
117 silly mapToRegistry using default registry
118 silly mapToRegistry registry https://registry.npmjs.org/
119 silly mapToRegistry uri https://registry.npmjs.org/gulp-concat
120 verbose addNameTag registry:https://registry.npmjs.org/gulp-concat not in flight; fetching
121 silly cache add parsed spec Result {
121 silly cache add   raw: 'gulp-minify-css@latest',
121 silly cache add   scope: null,
121 silly cache add   name: 'gulp-minify-css',
121 silly cache add   rawSpec: 'latest',
121 silly cache add   spec: 'latest',
121 silly cache add   type: 'tag' }
122 silly addNamed gulp-minify-css@latest
123 verbose addNamed "latest" is being treated as a dist-tag for gulp-minify-css
124 info addNameTag [ 'gulp-minify-css', 'latest' ]
125 silly mapToRegistry name gulp-minify-css
126 silly mapToRegistry using default registry
127 silly mapToRegistry registry https://registry.npmjs.org/
128 silly mapToRegistry uri https://registry.npmjs.org/gulp-minify-css
129 verbose addNameTag registry:https://registry.npmjs.org/gulp-minify-css not in flight; fetching
130 silly cache add parsed spec Result {
130 silly cache add   raw: 'gulp-react@latest',
130 silly cache add   scope: null,
130 silly cache add   name: 'gulp-react',
130 silly cache add   rawSpec: 'latest',
130 silly cache add   spec: 'latest',
130 silly cache add   type: 'tag' }
131 silly addNamed gulp-react@latest
132 verbose addNamed "latest" is being treated as a dist-tag for gulp-react
133 info addNameTag [ 'gulp-react', 'latest' ]
134 silly mapToRegistry name gulp-react
135 silly mapToRegistry using default registry
136 silly mapToRegistry registry https://registry.npmjs.org/
137 silly mapToRegistry uri https://registry.npmjs.org/gulp-react
138 verbose addNameTag registry:https://registry.npmjs.org/gulp-react not in flight; fetching
139 silly cache add parsed spec Result {
139 silly cache add   raw: 'vinyl-source-stream@latest',
139 silly cache add   scope: null,
139 silly cache add   name: 'vinyl-source-stream',
139 silly cache add   rawSpec: 'latest',
139 silly cache add   spec: 'latest',
139 silly cache add   type: 'tag' }
140 silly addNamed vinyl-source-stream@latest
141 verbose addNamed "latest" is being treated as a dist-tag for vinyl-source-stream
142 info addNameTag [ 'vinyl-source-stream', 'latest' ]
143 silly mapToRegistry name vinyl-source-stream
144 silly mapToRegistry using default registry
145 silly mapToRegistry registry https://registry.npmjs.org/
146 silly mapToRegistry uri https://registry.npmjs.org/vinyl-source-stream
147 verbose addNameTag registry:https://registry.npmjs.org/vinyl-source-stream not in flight; fetching
148 silly cache add parsed spec Result {
148 silly cache add   raw: 'express@latest',
148 silly cache add   scope: null,
148 silly cache add   name: 'express',
148 silly cache add   rawSpec: 'latest',
148 silly cache add   spec: 'latest',
148 silly cache add   type: 'tag' }
149 silly addNamed express@latest
150 verbose addNamed "latest" is being treated as a dist-tag for express
151 info addNameTag [ 'express', 'latest' ]
152 silly mapToRegistry name express
153 silly mapToRegistry using default registry
154 silly mapToRegistry registry https://registry.npmjs.org/
155 silly mapToRegistry uri https://registry.npmjs.org/express
156 verbose addNameTag registry:https://registry.npmjs.org/express not in flight; fetching
157 silly cache add parsed spec Result {
157 silly cache add   raw: 'primus@latest',
157 silly cache add   scope: null,
157 silly cache add   name: 'primus',
157 silly cache add   rawSpec: 'latest',
157 silly cache add   spec: 'latest',
157 silly cache add   type: 'tag' }
158 silly addNamed primus@latest
159 verbose addNamed "latest" is being treated as a dist-tag for primus
160 info addNameTag [ 'primus', 'latest' ]
161 silly mapToRegistry name primus
162 silly mapToRegistry using default registry
163 silly mapToRegistry registry https://registry.npmjs.org/
164 silly mapToRegistry uri https://registry.npmjs.org/primus
165 verbose addNameTag registry:https://registry.npmjs.org/primus not in flight; fetching
166 silly cache add parsed spec Result {
166 silly cache add   raw: 'primus-emitter@latest',
166 silly cache add   scope: null,
166 silly cache add   name: 'primus-emitter',
166 silly cache add   rawSpec: 'latest',
166 silly cache add   spec: 'latest',
166 silly cache add   type: 'tag' }
167 silly addNamed primus-emitter@latest
168 verbose addNamed "latest" is being treated as a dist-tag for primus-emitter
169 info addNameTag [ 'primus-emitter', 'latest' ]
170 silly mapToRegistry name primus-emitter
171 silly mapToRegistry using default registry
172 silly mapToRegistry registry https://registry.npmjs.org/
173 silly mapToRegistry uri https://registry.npmjs.org/primus-emitter
174 verbose addNameTag registry:https://registry.npmjs.org/primus-emitter not in flight; fetching
175 silly cache add parsed spec Result {
175 silly cache add   raw: 'reflux@latest',
175 silly cache add   scope: null,
175 silly cache add   name: 'reflux',
175 silly cache add   rawSpec: 'latest',
175 silly cache add   spec: 'latest',
175 silly cache add   type: 'tag' }
176 silly addNamed reflux@latest
177 verbose addNamed "latest" is being treated as a dist-tag for reflux
178 info addNameTag [ 'reflux', 'latest' ]
179 silly mapToRegistry name reflux
180 silly mapToRegistry using default registry
181 silly mapToRegistry registry https://registry.npmjs.org/
182 silly mapToRegistry uri https://registry.npmjs.org/reflux
183 verbose addNameTag registry:https://registry.npmjs.org/reflux not in flight; fetching
184 silly cache add parsed spec Result {
184 silly cache add   raw: 'serve-favicon@latest',
184 silly cache add   scope: null,
184 silly cache add   name: 'serve-favicon',
184 silly cache add   rawSpec: 'latest',
184 silly cache add   spec: 'latest',
184 silly cache add   type: 'tag' }
185 silly addNamed serve-favicon@latest
186 verbose addNamed "latest" is being treated as a dist-tag for serve-favicon
187 info addNameTag [ 'serve-favicon', 'latest' ]
188 silly mapToRegistry name serve-favicon
189 silly mapToRegistry using default registry
190 silly mapToRegistry registry https://registry.npmjs.org/
191 silly mapToRegistry uri https://registry.npmjs.org/serve-favicon
192 verbose addNameTag registry:https://registry.npmjs.org/serve-favicon not in flight; fetching
193 verbose request uri https://registry.npmjs.org/babelify
194 verbose request no auth needed
195 info attempt registry request try #1 at 9:34:05 AM
196 verbose etag "2H8R5MW8NMC023VLBFYOZF3UU"
197 http request GET https://registry.npmjs.org/babelify
198 verbose request uri https://registry.npmjs.org/gulp
199 verbose request no auth needed
200 info attempt registry request try #1 at 9:34:05 AM
201 verbose etag "AJKLN0L4DFNI0GQAJ1CCYABCP"
202 http request GET https://registry.npmjs.org/gulp
203 verbose request uri https://registry.npmjs.org/gulp-concat
204 verbose request no auth needed
205 info attempt registry request try #1 at 9:34:05 AM
206 verbose etag "B1JUXH3T9K4TOLTTOK7PBCRPE"
207 http request GET https://registry.npmjs.org/gulp-concat
208 verbose request uri https://registry.npmjs.org/gulp-react
209 verbose request no auth needed
210 info attempt registry request try #1 at 9:34:05 AM
211 verbose etag "8A3DJ3990THYLBNTCDFC6EJLS"
212 http request GET https://registry.npmjs.org/gulp-react
213 verbose request uri https://registry.npmjs.org/vinyl-source-stream
214 verbose request no auth needed
215 info attempt registry request try #1 at 9:34:05 AM
216 verbose etag "9GL18CV8E1EZ2G65P2QB354S7"
217 http request GET https://registry.npmjs.org/vinyl-source-stream
218 verbose request uri https://registry.npmjs.org/gulp-minify-css
219 verbose request no auth needed
220 info attempt registry request try #1 at 9:34:05 AM
221 verbose etag "2U9IZOZEGHWFC7VC34W72ZD0L"
222 http request GET https://registry.npmjs.org/gulp-minify-css
223 verbose request uri https://registry.npmjs.org/primus
224 verbose request no auth needed
225 info attempt registry request try #1 at 9:34:05 AM
226 verbose etag "2KFUE7O3GN1ZPA6469LAR8QEO"
227 http request GET https://registry.npmjs.org/primus
228 verbose request uri https://registry.npmjs.org/primus-emitter
229 verbose request no auth needed
230 info attempt registry request try #1 at 9:34:05 AM
231 verbose etag "6QMUMXKKXILOL756NFQPYL4LF"
232 http request GET https://registry.npmjs.org/primus-emitter
233 verbose request uri https://registry.npmjs.org/reflux
234 verbose request no auth needed
235 info attempt registry request try #1 at 9:34:05 AM
236 verbose etag "7A2BLJO9ZI5GD3NQJUIHZ91AU"
237 http request GET https://registry.npmjs.org/reflux
238 verbose request uri https://registry.npmjs.org/express
239 verbose request no auth needed
240 info attempt registry request try #1 at 9:34:05 AM
241 verbose etag "4YXRHVL3W3C1ATXQ82Z19C55M"
242 http request GET https://registry.npmjs.org/express
243 verbose request uri https://registry.npmjs.org/browserify
244 verbose request no auth needed
245 info attempt registry request try #1 at 9:34:05 AM
246 verbose etag "6836N2RHF53WMJIS12WR9ZJ0Z"
247 http request GET https://registry.npmjs.org/browserify
248 verbose request uri https://registry.npmjs.org/serve-favicon
249 verbose request no auth needed
250 info attempt registry request try #1 at 9:34:05 AM
251 verbose etag "B224YI62ZEA0PVASJSEFNSQ40"
252 http request GET https://registry.npmjs.org/serve-favicon
253 http 304 https://registry.npmjs.org/serve-favicon
254 silly get cb [ 304,
254 silly get   { date: 'Sun, 27 Sep 2015 16:34:06 GMT',
254 silly get     via: '1.1 varnish',
254 silly get     'cache-control': 'max-age=60',
254 silly get     etag: '"B224YI62ZEA0PVASJSEFNSQ40"',
254 silly get     age: '42',
254 silly get     connection: 'keep-alive',
254 silly get     'x-served-by': 'cache-lax1426-LAX',
254 silly get     'x-cache': 'HIT',
254 silly get     'x-cache-hits': '1',
254 silly get     'x-timer': 'S1443371646.573202,VS0,VE0',
254 silly get     vary: 'Accept' } ]
255 verbose etag https://registry.npmjs.org/serve-favicon from cache
256 verbose get saving serve-favicon to /Users/janaka/.npm/registry.npmjs.org/serve-favicon/.cache.json
257 http 304 https://registry.npmjs.org/express
258 silly get cb [ 304,
258 silly get   { date: 'Sun, 27 Sep 2015 16:34:06 GMT',
258 silly get     via: '1.1 varnish',
258 silly get     'cache-control': 'max-age=60',
258 silly get     etag: '"4YXRHVL3W3C1ATXQ82Z19C55M"',
258 silly get     age: '26',
258 silly get     connection: 'keep-alive',
258 silly get     'x-served-by': 'cache-lax1424-LAX',
258 silly get     'x-cache': 'HIT',
258 silly get     'x-cache-hits': '2',
258 silly get     'x-timer': 'S1443371646.575203,VS0,VE0',
258 silly get     vary: 'Accept' } ]
259 verbose etag https://registry.npmjs.org/express from cache
260 verbose get saving express to /Users/janaka/.npm/registry.npmjs.org/express/.cache.json
261 http 304 https://registry.npmjs.org/gulp
262 silly get cb [ 304,
262 silly get   { date: 'Sun, 27 Sep 2015 16:34:06 GMT',
262 silly get     via: '1.1 varnish',
262 silly get     'cache-control': 'max-age=60',
262 silly get     etag: '"AJKLN0L4DFNI0GQAJ1CCYABCP"',
262 silly get     age: '7',
262 silly get     connection: 'keep-alive',
262 silly get     'x-served-by': 'cache-lax1433-LAX',
262 silly get     'x-cache': 'HIT',
262 silly get     'x-cache-hits': '1',
262 silly get     'x-timer': 'S1443371646.574288,VS0,VE1',
262 silly get     vary: 'Accept' } ]
263 verbose etag https://registry.npmjs.org/gulp from cache
264 verbose get saving gulp to /Users/janaka/.npm/registry.npmjs.org/gulp/.cache.json
265 http 304 https://registry.npmjs.org/browserify
266 silly get cb [ 304,
266 silly get   { date: 'Sun, 27 Sep 2015 16:34:06 GMT',
266 silly get     via: '1.1 varnish',
266 silly get     'cache-control': 'max-age=60',
266 silly get     etag: '"6836N2RHF53WMJIS12WR9ZJ0Z"',
266 silly get     age: '39',
266 silly get     connection: 'keep-alive',
266 silly get     'x-served-by': 'cache-lax1430-LAX',
266 silly get     'x-cache': 'HIT',
266 silly get     'x-cache-hits': '1',
266 silly get     'x-timer': 'S1443371646.574829,VS0,VE5',
266 silly get     vary: 'Accept' } ]
267 verbose etag https://registry.npmjs.org/browserify from cache
268 verbose get saving browserify to /Users/janaka/.npm/registry.npmjs.org/browserify/.cache.json
269 silly addNameTag next cb for serve-favicon with tag latest
270 silly addNamed serve-favicon@2.3.0
271 verbose addNamed "2.3.0" is a plain semver version for serve-favicon
272 silly addNameTag next cb for browserify with tag latest
273 silly addNamed browserify@11.2.0
274 verbose addNamed "11.2.0" is a plain semver version for browserify
275 silly addNameTag next cb for express with tag latest
276 silly addNamed express@4.13.3
277 verbose addNamed "4.13.3" is a plain semver version for express
278 silly addNameTag next cb for gulp with tag latest
279 silly addNamed gulp@3.9.0
280 verbose addNamed "3.9.0" is a plain semver version for gulp
281 silly cache afterAdd serve-favicon@2.3.0
282 verbose afterAdd /Users/janaka/.npm/serve-favicon/2.3.0/package/package.json not in flight; writing
283 silly cache afterAdd express@4.13.3
284 verbose afterAdd /Users/janaka/.npm/express/4.13.3/package/package.json not in flight; writing
285 silly cache afterAdd browserify@11.2.0
286 verbose afterAdd /Users/janaka/.npm/browserify/11.2.0/package/package.json not in flight; writing
287 silly cache afterAdd gulp@3.9.0
288 verbose afterAdd /Users/janaka/.npm/gulp/3.9.0/package/package.json not in flight; writing
289 verbose afterAdd /Users/janaka/.npm/serve-favicon/2.3.0/package/package.json written
290 info already installed serve-favicon@2.3.0
291 verbose afterAdd /Users/janaka/.npm/express/4.13.3/package/package.json written
292 info already installed express@4.13.3
293 verbose afterAdd /Users/janaka/.npm/browserify/11.2.0/package/package.json written
294 info already installed browserify@11.2.0
295 verbose afterAdd /Users/janaka/.npm/gulp/3.9.0/package/package.json written
296 info already installed gulp@3.9.0
297 http 304 https://registry.npmjs.org/gulp-concat
298 silly get cb [ 304,
298 silly get   { date: 'Sun, 27 Sep 2015 16:34:06 GMT',
298 silly get     via: '1.1 varnish',
298 silly get     'cache-control': 'max-age=60',
298 silly get     etag: '"B1JUXH3T9K4TOLTTOK7PBCRPE"',
298 silly get     age: '0',
298 silly get     connection: 'keep-alive',
298 silly get     'x-served-by': 'cache-lax1423-LAX',
298 silly get     'x-cache': 'MISS',
298 silly get     'x-cache-hits': '0',
298 silly get     'x-timer': 'S1443371646.575720,VS0,VE46',
298 silly get     vary: 'Accept' } ]
299 verbose etag https://registry.npmjs.org/gulp-concat from cache
300 verbose get saving gulp-concat to /Users/janaka/.npm/registry.npmjs.org/gulp-concat/.cache.json
301 silly addNameTag next cb for gulp-concat with tag latest
302 silly addNamed gulp-concat@2.6.0
303 verbose addNamed "2.6.0" is a plain semver version for gulp-concat
304 silly cache afterAdd gulp-concat@2.6.0
305 verbose afterAdd /Users/janaka/.npm/gulp-concat/2.6.0/package/package.json not in flight; writing
306 verbose afterAdd /Users/janaka/.npm/gulp-concat/2.6.0/package/package.json written
307 info already installed gulp-concat@2.6.0
308 http 304 https://registry.npmjs.org/gulp-react
309 silly get cb [ 304,
309 silly get   { date: 'Sun, 27 Sep 2015 16:34:06 GMT',
309 silly get     via: '1.1 varnish',
309 silly get     'cache-control': 'max-age=60',
309 silly get     etag: '"8A3DJ3990THYLBNTCDFC6EJLS"',
309 silly get     age: '0',
309 silly get     connection: 'keep-alive',
309 silly get     'x-served-by': 'cache-lax1425-LAX',
309 silly get     'x-cache': 'MISS',
309 silly get     'x-cache-hits': '0',
309 silly get     'x-timer': 'S1443371646.578896,VS0,VE74',
309 silly get     vary: 'Accept' } ]
310 verbose etag https://registry.npmjs.org/gulp-react from cache
311 verbose get saving gulp-react to /Users/janaka/.npm/registry.npmjs.org/gulp-react/.cache.json
312 silly addNameTag next cb for gulp-react with tag latest
313 silly addNamed gulp-react@3.0.1
314 verbose addNamed "3.0.1" is a plain semver version for gulp-react
315 silly cache afterAdd gulp-react@3.0.1
316 verbose afterAdd /Users/janaka/.npm/gulp-react/3.0.1/package/package.json not in flight; writing
317 verbose afterAdd /Users/janaka/.npm/gulp-react/3.0.1/package/package.json written
318 info already installed gulp-react@3.0.1
319 http 304 https://registry.npmjs.org/reflux
320 silly get cb [ 304,
320 silly get   { date: 'Sun, 27 Sep 2015 16:34:06 GMT',
320 silly get     via: '1.1 varnish',
320 silly get     'cache-control': 'max-age=60',
320 silly get     etag: '"7A2BLJO9ZI5GD3NQJUIHZ91AU"',
320 silly get     age: '0',
320 silly get     connection: 'keep-alive',
320 silly get     'x-served-by': 'cache-lax1431-LAX',
320 silly get     'x-cache': 'MISS',
320 silly get     'x-cache-hits': '0',
320 silly get     'x-timer': 'S1443371646.576302,VS0,VE83',
320 silly get     vary: 'Accept' } ]
321 verbose etag https://registry.npmjs.org/reflux from cache
322 verbose get saving reflux to /Users/janaka/.npm/registry.npmjs.org/reflux/.cache.json
323 silly addNameTag next cb for reflux with tag latest
324 silly addNamed reflux@0.2.12
325 verbose addNamed "0.2.12" is a plain semver version for reflux
326 silly cache afterAdd reflux@0.2.12
327 verbose afterAdd /Users/janaka/.npm/reflux/0.2.12/package/package.json not in flight; writing
328 verbose afterAdd /Users/janaka/.npm/reflux/0.2.12/package/package.json written
329 info already installed reflux@0.2.12
330 http 304 https://registry.npmjs.org/babelify
331 silly get cb [ 304,
331 silly get   { date: 'Sun, 27 Sep 2015 16:34:06 GMT',
331 silly get     via: '1.1 varnish',
331 silly get     'cache-control': 'max-age=60',
331 silly get     etag: '"2H8R5MW8NMC023VLBFYOZF3UU"',
331 silly get     age: '0',
331 silly get     connection: 'keep-alive',
331 silly get     'x-served-by': 'cache-lax1433-LAX',
331 silly get     'x-cache': 'HIT',
331 silly get     'x-cache-hits': '1',
331 silly get     'x-timer': 'S1443371646.580685,VS0,VE187',
331 silly get     vary: 'Accept' } ]
332 verbose etag https://registry.npmjs.org/babelify from cache
333 verbose get saving babelify to /Users/janaka/.npm/registry.npmjs.org/babelify/.cache.json
334 silly addNameTag next cb for babelify with tag latest
335 silly addNamed babelify@6.3.0
336 verbose addNamed "6.3.0" is a plain semver version for babelify
337 silly cache afterAdd babelify@6.3.0
338 verbose afterAdd /Users/janaka/.npm/babelify/6.3.0/package/package.json not in flight; writing
339 verbose afterAdd /Users/janaka/.npm/babelify/6.3.0/package/package.json written
340 info already installed babelify@6.3.0
341 http 304 https://registry.npmjs.org/ws
342 silly get cb [ 304,
342 silly get   { date: 'Sun, 27 Sep 2015 16:34:06 GMT',
342 silly get     via: '1.1 varnish',
342 silly get     'cache-control': 'max-age=60',
342 silly get     etag: '"AIFVG499P6MVCRLZTZC32EFZ1"',
342 silly get     age: '0',
342 silly get     connection: 'keep-alive',
342 silly get     'x-served-by': 'cache-lax1429-LAX',
342 silly get     'x-cache': 'HIT',
342 silly get     'x-cache-hits': '1',
342 silly get     'x-timer': 'S1443371646.573218,VS0,VE203',
342 silly get     vary: 'Accept' } ]
343 verbose etag https://registry.npmjs.org/ws from cache
344 verbose get saving ws to /Users/janaka/.npm/registry.npmjs.org/ws/.cache.json
345 silly addNameTag next cb for ws with tag latest
346 silly addNamed ws@0.8.0
347 verbose addNamed "0.8.0" is a plain semver version for ws
348 silly cache afterAdd ws@0.8.0
349 verbose afterAdd /Users/janaka/.npm/ws/0.8.0/package/package.json not in flight; writing
350 verbose afterAdd /Users/janaka/.npm/ws/0.8.0/package/package.json written
351 info already installed ws@0.8.0
352 http 304 https://registry.npmjs.org/primus-emitter
353 silly get cb [ 304,
353 silly get   { date: 'Sun, 27 Sep 2015 16:34:06 GMT',
353 silly get     via: '1.1 varnish',
353 silly get     'cache-control': 'max-age=60',
353 silly get     etag: '"6QMUMXKKXILOL756NFQPYL4LF"',
353 silly get     age: '0',
353 silly get     connection: 'keep-alive',
353 silly get     'x-served-by': 'cache-lax1424-LAX',
353 silly get     'x-cache': 'MISS',
353 silly get     'x-cache-hits': '0',
353 silly get     'x-timer': 'S1443371646.574476,VS0,VE230',
353 silly get     vary: 'Accept' } ]
354 verbose etag https://registry.npmjs.org/primus-emitter from cache
355 verbose get saving primus-emitter to /Users/janaka/.npm/registry.npmjs.org/primus-emitter/.cache.json
356 silly addNameTag next cb for primus-emitter with tag latest
357 silly addNamed primus-emitter@3.1.1
358 verbose addNamed "3.1.1" is a plain semver version for primus-emitter
359 silly cache afterAdd primus-emitter@3.1.1
360 verbose afterAdd /Users/janaka/.npm/primus-emitter/3.1.1/package/package.json not in flight; writing
361 verbose afterAdd /Users/janaka/.npm/primus-emitter/3.1.1/package/package.json written
362 info already installed primus-emitter@3.1.1
363 http 304 https://registry.npmjs.org/primus
364 silly get cb [ 304,
364 silly get   { date: 'Sun, 27 Sep 2015 16:34:06 GMT',
364 silly get     via: '1.1 varnish',
364 silly get     'cache-control': 'max-age=60',
364 silly get     etag: '"2KFUE7O3GN1ZPA6469LAR8QEO"',
364 silly get     age: '0',
364 silly get     connection: 'keep-alive',
364 silly get     'x-served-by': 'cache-lax1426-LAX',
364 silly get     'x-cache': 'MISS',
364 silly get     'x-cache-hits': '0',
364 silly get     'x-timer': 'S1443371646.573148,VS0,VE306',
364 silly get     vary: 'Accept' } ]
365 verbose etag https://registry.npmjs.org/primus from cache
366 verbose get saving primus to /Users/janaka/.npm/registry.npmjs.org/primus/.cache.json
367 http 304 https://registry.npmjs.org/vinyl-source-stream
368 silly get cb [ 304,
368 silly get   { date: 'Sun, 27 Sep 2015 16:34:06 GMT',
368 silly get     via: '1.1 varnish',
368 silly get     'cache-control': 'max-age=60',
368 silly get     etag: '"9GL18CV8E1EZ2G65P2QB354S7"',
368 silly get     age: '0',
368 silly get     connection: 'keep-alive',
368 silly get     'x-served-by': 'cache-lax1427-LAX',
368 silly get     'x-cache': 'HIT',
368 silly get     'x-cache-hits': '1',
368 silly get     'x-timer': 'S1443371646.575951,VS0,VE304',
368 silly get     vary: 'Accept' } ]
369 verbose etag https://registry.npmjs.org/vinyl-source-stream from cache
370 verbose get saving vinyl-source-stream to /Users/janaka/.npm/registry.npmjs.org/vinyl-source-stream/.cache.json
371 http 304 https://registry.npmjs.org/gulp-minify-css
372 silly get cb [ 304,
372 silly get   { date: 'Sun, 27 Sep 2015 16:34:06 GMT',
372 silly get     via: '1.1 varnish',
372 silly get     'cache-control': 'max-age=60',
372 silly get     etag: '"2U9IZOZEGHWFC7VC34W72ZD0L"',
372 silly get     age: '0',
372 silly get     connection: 'keep-alive',
372 silly get     'x-served-by': 'cache-lax1434-LAX',
372 silly get     'x-cache': 'HIT',
372 silly get     'x-cache-hits': '1',
372 silly get     'x-timer': 'S1443371646.573387,VS0,VE305',
372 silly get     vary: 'Accept' } ]
373 verbose etag https://registry.npmjs.org/gulp-minify-css from cache
374 verbose get saving gulp-minify-css to /Users/janaka/.npm/registry.npmjs.org/gulp-minify-css/.cache.json
375 silly addNameTag next cb for vinyl-source-stream with tag latest
376 silly addNamed vinyl-source-stream@1.1.0
377 verbose addNamed "1.1.0" is a plain semver version for vinyl-source-stream
378 silly addNameTag next cb for gulp-minify-css with tag latest
379 silly addNamed gulp-minify-css@1.2.1
380 verbose addNamed "1.2.1" is a plain semver version for gulp-minify-css
381 silly addNameTag next cb for primus with tag latest
382 silly addNamed primus@3.2.3
383 verbose addNamed "3.2.3" is a plain semver version for primus
384 silly cache afterAdd vinyl-source-stream@1.1.0
385 verbose afterAdd /Users/janaka/.npm/vinyl-source-stream/1.1.0/package/package.json not in flight; writing
386 silly cache afterAdd gulp-minify-css@1.2.1
387 verbose afterAdd /Users/janaka/.npm/gulp-minify-css/1.2.1/package/package.json not in flight; writing
388 silly cache afterAdd primus@3.2.3
389 verbose afterAdd /Users/janaka/.npm/primus/3.2.3/package/package.json not in flight; writing
390 verbose afterAdd /Users/janaka/.npm/vinyl-source-stream/1.1.0/package/package.json written
391 info already installed vinyl-source-stream@1.1.0
392 verbose afterAdd /Users/janaka/.npm/gulp-minify-css/1.2.1/package/package.json written
393 info already installed gulp-minify-css@1.2.1
394 verbose afterAdd /Users/janaka/.npm/primus/3.2.3/package/package.json written
395 info already installed primus@3.2.3
396 silly install resolved []
397 info build /Volumes/Kykas/Projects/ReactPatterns/React.14/ReFluxWebSocket
398 info linkStuff ReactPatterns-1.4-ReFluxWebSocket@1.0.0
399 silly linkStuff ReactPatterns-1.4-ReFluxWebSocket@1.0.0 has /Volumes/Kykas/Projects/ReactPatterns/React.14 as its parent node_modules
400 verbose linkBins ReactPatterns-1.4-ReFluxWebSocket@1.0.0
401 verbose linkMans ReactPatterns-1.4-ReFluxWebSocket@1.0.0
402 verbose rebuildBundles ReactPatterns-1.4-ReFluxWebSocket@1.0.0
403 verbose rebuildBundles [ '.bin',
403 verbose rebuildBundles   'babelify',
403 verbose rebuildBundles   'browserify',
403 verbose rebuildBundles   'express',
403 verbose rebuildBundles   'gulp',
403 verbose rebuildBundles   'gulp-concat',
403 verbose rebuildBundles   'gulp-minify-css',
403 verbose rebuildBundles   'gulp-react',
403 verbose rebuildBundles   'primus',
403 verbose rebuildBundles   'primus-emitter',
403 verbose rebuildBundles   'react',
403 verbose rebuildBundles   'react-dom',
403 verbose rebuildBundles   'reflux',
403 verbose rebuildBundles   'serve-favicon',
403 verbose rebuildBundles   'vinyl-source-stream',
403 verbose rebuildBundles   'ws' ]
404 info install ReactPatterns-1.4-ReFluxWebSocket@1.0.0
405 info postinstall ReactPatterns-1.4-ReFluxWebSocket@1.0.0
406 info prepublish ReactPatterns-1.4-ReFluxWebSocket@1.0.0
407 verbose validateInstall loading /Volumes/Kykas/Projects/ReactPatterns/React.14/ReFluxWebSocket/package.json for validation
408 verbose stack Error: The package react@0.14.0-rc1 does not satisfy its siblings' peerDependencies requirements!
408 verbose stack     at /usr/local/lib/node_modules/npm/lib/install.js:125:32
408 verbose stack     at /usr/local/lib/node_modules/npm/lib/install.js:268:7
408 verbose stack     at /usr/local/lib/node_modules/npm/node_modules/read-installed/read-installed.js:142:5
408 verbose stack     at /usr/local/lib/node_modules/npm/node_modules/read-installed/read-installed.js:263:14
408 verbose stack     at cb (/usr/local/lib/node_modules/npm/node_modules/slide/lib/async-map.js:47:24)
408 verbose stack     at /usr/local/lib/node_modules/npm/node_modules/read-installed/read-installed.js:263:14
408 verbose stack     at cb (/usr/local/lib/node_modules/npm/node_modules/slide/lib/async-map.js:47:24)
408 verbose stack     at /usr/local/lib/node_modules/npm/node_modules/read-installed/read-installed.js:263:14
408 verbose stack     at cb (/usr/local/lib/node_modules/npm/node_modules/slide/lib/async-map.js:47:24)
408 verbose stack     at /usr/local/lib/node_modules/npm/node_modules/read-installed/read-installed.js:263:14
409 verbose cwd /Volumes/Kykas/Projects/ReactPatterns/React.14/ReFluxWebSocket
410 error Darwin 14.5.0
411 error argv "/usr/local/bin/node" "/usr/local/bin/npm" "install"
412 error node v4.0.0
413 error npm  v2.14.2
414 error code EPEERINVALID
415 error peerinvalid The package react@0.14.0-rc1 does not satisfy its siblings' peerDependencies requirements!
415 error peerinvalid Peer reflux@0.2.12 wants react@>=0.12.2 <0.14.0
416 verbose exit [ 1, true ]
