0 info it worked if it ends with ok
1 verbose cli [ '/usr/local/bin/node', '/usr/local/bin/npm', 'run', 'wp' ]
2 info using npm@3.8.1
3 info using node@v5.7.0
4 verbose run-script [ 'prewp', 'wp', 'postwp' ]
5 info lifecycle ReactPatterns.15-BasicHot@1.0.0~prewp: ReactPatterns.15-BasicHot@1.0.0
6 silly lifecycle ReactPatterns.15-BasicHot@1.0.0~prewp: no script for prewp, continuing
7 info lifecycle ReactPatterns.15-BasicHot@1.0.0~wp: ReactPatterns.15-BasicHot@1.0.0
8 verbose lifecycle ReactPatterns.15-BasicHot@1.0.0~wp: unsafe-perm in lifecycle true
9 verbose lifecycle ReactPatterns.15-BasicHot@1.0.0~wp: PATH: /usr/local/lib/node_modules/npm/bin/node-gyp-bin:/Users/janaka/Kykas/Projects/ReactPatterns/React.15/BasicHot/node_modules/.bin:/usr/local/bin:/usr/local/bin:/usr/bin:/bin:/usr/sbin:/sbin
10 verbose lifecycle ReactPatterns.15-BasicHot@1.0.0~wp: CWD: /Users/janaka/Kykas/Projects/ReactPatterns/React.15/BasicHot
11 silly lifecycle ReactPatterns.15-BasicHot@1.0.0~wp: Args: [ '-c', 'webpack-dev-server.js --progress --inline --hot' ]
12 info lifecycle ReactPatterns.15-BasicHot@1.0.0~wp: Failed to exec wp script
13 verbose stack Error: ReactPatterns.15-BasicHot@1.0.0 wp: `webpack-dev-server.js --progress --inline --hot`
13 verbose stack spawn ENOENT
13 verbose stack     at ChildProcess.<anonymous> (/usr/local/lib/node_modules/npm/lib/utils/spawn.js:17:16)
13 verbose stack     at emitTwo (events.js:100:13)
13 verbose stack     at ChildProcess.emit (events.js:185:7)
13 verbose stack     at maybeClose (internal/child_process.js:827:16)
13 verbose stack     at Process.ChildProcess._handle.onexit (internal/child_process.js:211:5)
14 verbose pkgid ReactPatterns.15-BasicHot@1.0.0
15 verbose cwd /Users/janaka/Kykas/Projects/ReactPatterns/React.15/BasicHot
16 error Darwin 15.3.0
17 error argv "/usr/local/bin/node" "/usr/local/bin/npm" "run" "wp"
18 error node v5.7.0
19 error npm  v3.8.1
20 error file sh
21 error code ELIFECYCLE
22 error errno ENOENT
23 error syscall spawn
24 error ReactPatterns.15-BasicHot@1.0.0 wp: `webpack-dev-server.js --progress --inline --hot`
24 error spawn ENOENT
25 error Failed at the ReactPatterns.15-BasicHot@1.0.0 wp script 'webpack-dev-server.js --progress --inline --hot'.
25 error Make sure you have the latest version of node.js and npm installed.
25 error If you do, this is most likely a problem with the ReactPatterns.15-BasicHot package,
25 error not with npm itself.
25 error Tell the author that this fails on your system:
25 error     webpack-dev-server.js --progress --inline --hot
25 error You can get information on how to open an issue for this project with:
25 error     npm bugs ReactPatterns.15-BasicHot
25 error Or if that isn't available, you can get their info via:
25 error     npm owner ls ReactPatterns.15-BasicHot
25 error There is likely additional logging output above.
26 verbose exit [ 1, true ]
